17 17
XXXXXXXXXXXXXXXXX
X.....XXXXX.....X
XGXXX.......XXXGX
X.X...XX.XX...X.X
X.X.X.......X.X.X
X.....XX.XX.....X
XX.X.XX.G.XX.X.XX
XX.X....X....X.XX
XX.XXXX.X.XXXX.XX
XX.X....X....X.XX
XX.X.XX.G.XX.X.XX
X.....XX.XX.....X
X.X.X.......X.X.X
X.X...XX.XX...X.X
X.XXX...S...XXX.X
X.....XXXXX.K..TX
XXXXXXXXXXXXXXXXX
TURN 0
TURN 1
Pacman [8,14] -> [8,13]
Ghost [1,2] -> [1,3]
Ghost [15,2] -> [15,3]
Ghost [8,6] -> [7,6]
Ghost [8,10] -> [9,10]
TURN 2
Pacman [8,13] -> [8,12]
TURN 3
Pacman [8,13] -> [8,14]
Ghost [1,3] -> [1,4]
Ghost [15,3] -> [15,4]
Ghost [7,6] -> [7,7]
Ghost [9,10] -> [9,9]
TURN 4
Pacman [8,14] -> [7,14]
Ghost [1,4] -> [1,5]
Ghost [15,4] -> [15,5]
Ghost [7,7] -> [7,8]
Ghost [9,9] -> [10,9]
TURN 5
Pacman [7,14] -> [6,14]
Ghost [1,5] -> [2,5]
Ghost [15,5] -> [14,5]
Ghost [7,8] -> [7,9]
Ghost [10,9] -> [11,9]
TURN 6
Pacman [6,14] -> [5,14]
Ghost [2,5] -> [3,5]
Ghost [14,5] -> [14,6]
Ghost [7,9] -> [7,10]
Ghost [11,9] -> [12,9]
Ghost [3,5] -> [4,5]
Ghost [14,6] -> [14,7]
Ghost [7,10] -> [8,10]
Ghost [12,9] -> [12,10]
Ghost [4,5] -> [4,6]
Ghost [14,7] -> [14,8]
Ghost [8,10] -> [8,11]
Ghost [12,10] -> [12,11]
