17 17
XXXXXXXXXXXXXXXXX
X.....XXXXX.....X
XGXXX.......XXXGX
X.X...XX.XX...X.X
X.X.X.G...G.X.X.X
X.....XX.XX.....X
XX.X.XX...XX.X.XX
XX.X....X....X.XX
XX.XXXX.X.XXXX.XX
XX.X....X....X.XX
XX.X.XX...XX.X.XX
X.....XX.XX.....X
X.X.X.......X.X.X
X.X...XX.XX...X.X
X.XXX...S...XXX.X
X.....XXXXXK...TX
XXXXXXXXXXXXXXXXX
TURN 0
TURN 1
Pacman [8,14] -> [9,14]
Ghost [1,2] -> [1,3]
Ghost [15,2] -> [15,1]
Ghost [6,4] -> [7,4]
Ghost [10,4] -> [11,4]
TURN 2
Pacman [9,14] -> [10,14]
Ghost [1,3] -> [1,4]
Ghost [15,1] -> [14,1]
Ghost [7,4] -> [8,4]
Ghost [11,4] -> [11,3]
TURN 3
Pacman [10,14] -> [11,14]
Ghost [1,4] -> [1,5]
Ghost [14,1] -> [13,1]
Ghost [8,4] -> [9,4]
Ghost [11,3] -> [12,3]
TURN 4
Pacman [11,14] -> [11,15]
Ghost [1,5] -> [2,5]
Ghost [13,1] -> [12,1]
Ghost [9,4] -> [10,4]
Ghost [12,3] -> [13,3]
Key [11,15] [PICKED UP]
Door [15,15] [OPEN]
TURN 5
Pacman [11,15] -> [12,15]
Ghost [2,5] -> [3,5]
Ghost [12,1] -> [11,1]
Ghost [10,4] -> [11,4]
Ghost [13,3] -> [13,4]
Key [11,15] [PICKED UP]
Door [15,15] [OPEN]
TURN 6
Pacman [12,15] -> [13,15]
Ghost [3,5] -> [4,5]
Ghost [11,1] -> [11,2]
Ghost [11,4] -> [11,5]
Ghost [13,4] -> [13,5]
Key [11,15] [PICKED UP]
Door [15,15] [OPEN]
TURN 7
Pacman [13,15] -> [14,15]
Ghost [4,5] -> [5,5]
Ghost [11,2] -> [10,2]
Ghost [11,5] -> [12,5]
Ghost [13,5] -> [14,5]
Key [11,15] [PICKED UP]
Door [15,15] [OPEN]
TURN 8
Pacman [14,15] -> [15,15]
