Performing C SOURCE FILE Test HAVE_XINPUT_GAMEPAD_EX failed with the following output:
Change Dir: C:/Programy/SKOLA/IZG/CV01/build/CMakeFiles/CMakeTmp

Run Build Command(s):C:/Program Files/Microsoft Visual Studio/2022/Enterprise/MSBuild/Current/Bin/amd64/MSBuild.exe cmTC_63892.vcxproj /p:Configuration=Debug /p:Platform=x64 /p:VisualStudioVersion=17.0 /v:m && Microsoft (R) Build Engine version 17.1.0+ae57d105c for .NET Framework
Copyright (C) Microsoft Corporation. All rights reserved.

  Microsoft (R) C/C++ Optimizing Compiler Version 19.31.31105 for x64
  src.c
  Copyright (C) Microsoft Corporation.  All rights reserved.
  cl /c /Zi /W3 /WX- /diagnostics:column /Od /Ob0 /D _MBCS /D WIN32 /D _WINDOWS /D HAVE_XINPUT_GAMEPAD_EX /D "CMAKE_INTDIR=\"Debug\"" /Gm- /RTC1 /MDd /GS /fp:precise /Zc:wchar_t /Zc:forScope /Zc:inline /Fo"cmTC_63892.dir\Debug\\" /Fd"cmTC_63892.dir\Debug\vc143.pdb" /external:W3 /Gd /TC /errorReport:queue C:\Programy\SKOLA\IZG\CV01\build\CMakeFiles\CMakeTmp\src.c
C:\Programy\SKOLA\IZG\CV01\build\CMakeFiles\CMakeTmp\src.c(4,25): error C2061: syntax error: identifier 'x1' [C:\Programy\SKOLA\IZG\CV01\build\CMakeFiles\CMakeTmp\cmTC_63892.vcxproj]
C:\Programy\SKOLA\IZG\CV01\build\CMakeFiles\CMakeTmp\src.c(4,25): error C2059: syntax error: ';' [C:\Programy\SKOLA\IZG\CV01\build\CMakeFiles\CMakeTmp\cmTC_63892.vcxproj]


Source file was:

      #include <windows.h>
      #include <xinput.h>
      XINPUT_GAMEPAD_EX x1;
      int main(int argc, char **argv) { }
Performing C SOURCE FILE Test HAVE_XINPUT_STATE_EX failed with the following output:
Change Dir: C:/Programy/SKOLA/IZG/CV01/build/CMakeFiles/CMakeTmp

Run Build Command(s):C:/Program Files/Microsoft Visual Studio/2022/Enterprise/MSBuild/Current/Bin/amd64/MSBuild.exe cmTC_55556.vcxproj /p:Configuration=Debug /p:Platform=x64 /p:VisualStudioVersion=17.0 /v:m && Microsoft (R) Build Engine version 17.1.0+ae57d105c for .NET Framework
Copyright (C) Microsoft Corporation. All rights reserved.

  Microsoft (R) C/C++ Optimizing Compiler Version 19.31.31105 for x64
  src.c
  Copyright (C) Microsoft Corporation.  All rights reserved.
  cl /c /Zi /W3 /WX- /diagnostics:column /Od /Ob0 /D _MBCS /D WIN32 /D _WINDOWS /D HAVE_XINPUT_STATE_EX /D "CMAKE_INTDIR=\"Debug\"" /Gm- /RTC1 /MDd /GS /fp:precise /Zc:wchar_t /Zc:forScope /Zc:inline /Fo"cmTC_55556.dir\Debug\\" /Fd"cmTC_55556.dir\Debug\vc143.pdb" /external:W3 /Gd /TC /errorReport:queue C:\Programy\SKOLA\IZG\CV01\build\CMakeFiles\CMakeTmp\src.c
C:\Programy\SKOLA\IZG\CV01\build\CMakeFiles\CMakeTmp\src.c(4,23): error C2061: syntax error: identifier 's1' [C:\Programy\SKOLA\IZG\CV01\build\CMakeFiles\CMakeTmp\cmTC_55556.vcxproj]
C:\Programy\SKOLA\IZG\CV01\build\CMakeFiles\CMakeTmp\src.c(4,23): error C2059: syntax error: ';' [C:\Programy\SKOLA\IZG\CV01\build\CMakeFiles\CMakeTmp\cmTC_55556.vcxproj]


Source file was:

      #include <windows.h>
      #include <xinput.h>
      XINPUT_STATE_EX s1;
      int main(int argc, char **argv) { }
